Arguments: 
  G:\Program Files\nodejs\node.exe G:\Program Files (x86)\Yarn\bin\yarn.js add @types/compress-json

PATH: 
  C:\Program Files\Common Files\Oracle\Java\javapath;C:\Program Files (x86)\NVIDIA Corporation\PhysX\Common;C:\Program Files (x86)\Common Files\Intel\Shared Libraries\redist\intel64\compiler;C:\Program Files (x86)\Common Files\Oracle\Java\javapath;C:\WINDOWS\system32;C:\WINDOWS;C:\WINDOWS\System32\Wbem;C:\WINDOWS\System32\WindowsPowerShell\v1.0\;C:\WINDOWS\System32\OpenSSH\;G:\xamppy\htdocs;G:\Program Files (x86)\Yarn\bin\;C:\Users\Matias\AppData\Local\Microsoft\WindowsApps;G:\TED\Microsoft VS Code\Microsoft VS Code\bin;G:\Eduardo\Fiddler;C:\Users\Matias\AppData\Roaming\npm;C:\Users\Matias\AppData\Local\Yarn\bin;C:\adb;G:\Program Files\nodejs\;C:\Program Files\Microsoft Network Monitor 3\;G:\TED\putty\;G:\Program Files (x86)\Java\jre1.8.0_311\bin;G:\Program Files\Git\cmd;G:\Program Files\Git\bin\;C:\Users\Matias\AppData\Local\Microsoft\WindowsApps;G:\TED\Microsoft VS Code\Microsoft VS Code\bin;G:\xamppy\htdocs\ComposerSetup;G:\Eduardo\Fiddler;G:\Users\Matias\composer;C:\Users\Matias\AppData\Local\Yarn\bin;C:\Users\Matias\AppData\Roaming\npm

Yarn version: 
  1.22.5

Node version: 
  14.17.0

Platform: 
  win32 x64

Trace: 
  Error: https://registry.yarnpkg.com/@types%2fcompress-json: Not found
      at Request.params.callback [as _callback] (G:\Program Files (x86)\Yarn\lib\cli.js:66097:18)
      at Request.self.callback (G:\Program Files (x86)\Yarn\lib\cli.js:140749:22)
      at Request.emit (events.js:376:20)
      at Request.<anonymous> (G:\Program Files (x86)\Yarn\lib\cli.js:141721:10)
      at Request.emit (events.js:376:20)
      at IncomingMessage.<anonymous> (G:\Program Files (x86)\Yarn\lib\cli.js:141643:12)
      at Object.onceWrapper (events.js:482:28)
      at IncomingMessage.emit (events.js:388:22)
      at endReadableNT (internal/streams/readable.js:1336:12)
      at processTicksAndRejections (internal/process/task_queues.js:82:21)

npm manifest: 
  {
    "name": "totype",
    "version": "1.0.0",
    "main": "index.js",
    "license": "MIT",
    "scripts": {
      "build": "npx tsc && npx ts-node src/addons/csso.ts",
      "teste": "npx ts-node src/addons/json.ts"
    },
    "devDependencies": {
      "@types/csso": "^5.0.0",
      "@types/node": "^17.0.8",
      "typescript": "^4.5.4"
    }
  }

yarn manifest: 
  No manifest

Lockfile: 
  # THIS IS AN AUTOGENERATED FILE. DO NOT EDIT THIS FILE DIRECTLY.
  # yarn lockfile v1
  
  
  "@types/css-tree@*":
    "integrity" "sha512-Pz+DfVODpQTAV6PwPBK6kzyy7+f6EyPbr1+mYkc1YolJfl2NAJ4wbg0TC/AJPBsqn9jWfyiO19A/sgpvFLfqnw=="
    "resolved" "https://registry.npmjs.org/@types/css-tree/-/css-tree-1.0.7.tgz"
    "version" "1.0.7"
  
  "@types/csso@^5.0.0":
    "integrity" "sha512-EMrCTGpXRUsbFfZBzn2jcW6Sqg8kxWXkJcpvAGYSEzFqAJ2THDJSwiMeS2fPUw+0p6RQNT/n8F/skEc9hUBc0g=="
    "resolved" "https://registry.npmjs.org/@types/csso/-/csso-5.0.0.tgz"
    "version" "5.0.0"
    dependencies:
      "@types/css-tree" "*"
  
  "@types/node@^17.0.8":
    "integrity" "sha512-YofkM6fGv4gDJq78g4j0mMuGMkZVxZDgtU0JRdx6FgiJDG+0fY0GKVolOV8WqVmEhLCXkQRjwDdKyPxJp/uucg=="
    "resolved" "https://registry.npmjs.org/@types/node/-/node-17.0.8.tgz"
    "version" "17.0.8"
  
  "typescript@^4.5.4":
    "integrity" "sha512-VgYs2A2QIRuGphtzFV7aQJduJ2gyfTljngLzjpfW9FoYZF6xuw1W0vW9ghCKLfcWrCFxK81CSGRAvS1pn4fIUg=="
    "resolved" "https://registry.npmjs.org/typescript/-/typescript-4.5.4.tgz"
    "version" "4.5.4"
